
=== Sat Dec  9 21:40:06 2023

Packages were changed.
Update Mode: updateDependencies

The following packages were updated:
  com.unity.collab-proxy from version 2.0.5 to 2.2.0
  com.unity.timeline from version 1.7.5 to 1.7.6
  com.unity.visualscripting from version 1.8.0 to 1.9.1

=== Sun Dec 10 23:28:07 2023

Packages were changed.
Update Mode: updateDependencies

The following packages were updated:
  com.unity.collab-proxy from version 1.2.16 to 2.2.0
  com.unity.ide.rider from version 1.1.4 to 3.0.26
  com.unity.ide.vscode from version 1.2.3 to 1.2.5
  com.unity.test-framework from version 1.1.20 to 1.1.33
  com.unity.textmeshpro from version 2.1.1 to 3.0.6
  com.unity.timeline from version 1.2.17 to 1.7.6

=== Sun Dec 10 23:28:08 2023

Packages were changed.
Update Mode: mergeDefaultDependencies

The following packages were added:
  com.unity.2d.sprite@1.0.0
  com.unity.ide.rider@3.0.26
  com.unity.ide.vscode@1.2.5
  com.unity.test-framework@1.1.33
